<?xml version="1.0" encoding="UTF-8"?>
<testsuite xmlns:xsi="http://www.w3.org/2001/XMLSchema-instance" xsi:noNamespaceSchemaLocation="https://maven.apache.org/surefire/maven-surefire-plugin/xsd/surefire-test-report-3.0.xsd" version="3.0" name="ec.edu.epn.git.calculator.CalculatorTest" time="0.095" tests="4" errors="0" skipped="0" failures="0">
  <properties>
[...]
</properties>
  <testcase name="given_two_integers_when_subtraction_then_ok" classname="ec.edu.epn.git.calculator.CalculatorTest" time="0.0">
    <system-out><![CDATA[SetUpClass()
SetUp()
Test 2
TearDown()
]]></system-out>
  </testcase>
  <testcase name="given_two_integers_when_multiplication_then_ok" classname="ec.edu.epn.git.calculator.CalculatorTest" time="0.076">
    <system-out><![CDATA[SetUp()
Test 4
TearDown()
]]></system-out>
  </testcase>
  <testcase name="given_two_integers_when_division_then_ok" classname="ec.edu.epn.git.calculator.CalculatorTest" time="0.005">
    <system-out><![CDATA[SetUp()
TearDown()
]]></system-out>
  </testcase>
  <testcase name="given_two_integers_when_addition_then_ok" classname="ec.edu.epn.git.calculator.CalculatorTest" time="0.002">
    <system-out><![CDATA[SetUp()
Test 1
TearDown()
]]></system-out>
  </testcase>
</testsuite>